<?xml version="1.0" encoding="UTF-8"?>
<!-- Generated by org.testng.reporters.JUnitXMLReporter -->
<testsuite hostname="Admin-PC" ignored="0" name="Test" tests="1" failures="1" timestamp="21 Jul 2020 16:41:23 GMT" time="0.105" errors="0">
  <testcase name="testGoogleSearch" time="0.08" classname="ci.integ.selenium.jenkins_demo">
    <failure type="java.lang.IllegalStateException" message="The driver executable does not exist: C:\\Selenium-java-edurekachromedriver_win32chromedriver.exe">
      <![CDATA[java.lang.IllegalStateException: The driver executable does not exist: C:\\Selenium-java-edurekachromedriver_win32chromedriver.exe
	at com.google.common.base.Preconditions.checkState(Preconditions.java:585)
	at org.openqa.selenium.remote.service.DriverService.checkExecutable(DriverService.java:136)
	at org.openqa.selenium.remote.service.DriverService.findExecutable(DriverService.java:131)
	at org.openqa.selenium.chrome.ChromeDriverService.access$000(ChromeDriverService.java:32)
	at org.openqa.selenium.chrome.ChromeDriverService$Builder.findDefaultExecutable(ChromeDriverService.java:137)
	at org.openqa.selenium.remote.service.DriverService$Builder.build(DriverService.java:339)
	at org.openqa.selenium.chrome.ChromeDriverService.createDefaultService(ChromeDriverService.java:88)
	at org.openqa.selenium.chrome.ChromeDriver.<init>(ChromeDriver.java:123)
	at ci.integ.selenium.jenkins_demo.testGoogleSearch(jenkins_demo.java:16)
... Removed 25 stack frames]]>
    </failure>
  </testcase> <!-- testGoogleSearch -->
</testsuite> <!-- Test -->
