<html>
<head>
<title>TestNG:  Default test</title>
<link href="../testng.css" rel="stylesheet" type="text/css" />
<link href="../my-testng.css" rel="stylesheet" type="text/css" />

<style type="text/css">
.log { display: none;} 
.stack-trace { display: none;} 
</style>
<script type="text/javascript">
<!--
function flip(e) {
  current = e.style.display;
  if (current == 'block') {
    e.style.display = 'none';
    return 0;
  }
  else {
    e.style.display = 'block';
    return 1;
  }
}

function toggleBox(szDivId, elem, msg1, msg2)
{
  var res = -1;  if (document.getElementById) {
    res = flip(document.getElementById(szDivId));
  }
  else if (document.all) {
    // this is the way old msie versions work
    res = flip(document.all[szDivId]);
  }
  if(elem) {
    if(res == 0) elem.innerHTML = msg1; else elem.innerHTML = msg2;
  }

}

function toggleAllBoxes() {
  if (document.getElementsByTagName) {
    d = document.getElementsByTagName('div');
    for (i = 0; i < d.length; i++) {
      if (d[i].className == 'log') {
        flip(d[i]);
      }
    }
  }
}

// -->
</script>

</head>
<body>
<h2 align='center'>Default test</h2><table border='1' align="center">
<tr>
<td>Tests passed/Failed/Skipped:</td><td>0/1/0</td>
</tr><tr>
<td>Started on:</td><td>Wed Jul 22 00:35:03 IST 2020</td>
</tr>
<tr><td>Total time:</td><td>48 seconds (48248 ms)</td>
</tr><tr>
<td>Included groups:</td><td></td>
</tr><tr>
<td>Excluded groups:</td><td></td>
</tr>
</table><p/>
<small><i>(Hover the method name to see the test class name)</i></small><p/>
<table width='100%' border='1' class='invocation-failed'>
<tr><td colspan='4' align='center'><b>FAILED TESTS</b></td></tr>
<tr><td><b>Test method</b></td>
<td width="30%"><b>Exception</b></td>
<td width="10%"><b>Time (seconds)</b></td>
<td><b>Instance</b></td>
</tr>
<tr>
<td title='ci.integ.selenium.jenkins_demo.testGoogleSearch()'><b>testGoogleSearch</b><br>Test class: ci.integ.selenium.jenkins_demo</td>
<td><div><pre>org.openqa.selenium.SessionNotCreatedException: session not created
from disconnected: received Inspector.detached event
  (Session info: chrome=83.0.4103.116)
Build info: version: &apos;3.9.1&apos;, revision: &apos;63f7b50&apos;, time: &apos;2018-02-07T22:42:28.403Z&apos;
System info: host: &apos;ADMIN-PC&apos;, ip: &apos;192.168.0.7&apos;, os.name: &apos;Windows 7&apos;, os.arch: &apos;amd64&apos;, os.version: &apos;6.1&apos;, java.version: &apos;1.8.0_131&apos;
Driver info: driver.version: ChromeDriver
remote stacktrace: Backtrace:
	Ordinal0 [0x00679563+2725219]
	Ordinal0 [0x00578551+1672529]
	Ordinal0 [0x00460359+525145]
	Ordinal0 [0x00458579+492921]
	Ordinal0 [0x0045818C+491916]
	Ordinal0 [0x00457AB8+490168]
	Ordinal0 [0x00456EFE+487166]
	Ordinal0 [0x00457135+487733]
	Ordinal0 [0x00456B75+486261]
	Ordinal0 [0x0045F055+520277]
	Ordinal0 [0x00456B32+486194]
	Ordinal0 [0x00457739+489273]
	Ordinal0 [0x00456EFE+487166]
	Ordinal0 [0x00457135+487733]
	Ordinal0 [0x00456B75+486261]
	Ordinal0 [0x0045D83E+514110]
	Ordinal0 [0x00456B32+486194]
	Ordinal0 [0x00457739+489273]
	Ordinal0 [0x00456EFE+487166]
	Ordinal0 [0x00457135+487733]
	Ordinal0 [0x00456B75+486261]
	Ordinal0 [0x0045BBF6+506870]
	Ordinal0 [0x00456B32+486194]
	Ordinal0 [0x00457739+489273]
	Ordinal0 [0x00456EFE+487166]
	Ordinal0 [0x00457135+487733]
	Ordinal0 [0x00456B75+486261]
	Ordinal0 [0x0045B1B7+504247]
	Ordinal0 [0x00456B32+486194]
	Ordinal0 [0x00457739+489273]
	Ordinal0 [0x00456EFE+487166]
	Ordinal0 [0x00457135+487733]
	Ordinal0 [0x00456B75+486261]
	Ordinal0 [0x0045337C+471932]
	Ordinal0 [0x00456B32+486194]
	Ordinal0 [0x00456A87+486023]
	Ordinal0 [0x00460FF0+528368]
	Ordinal0 [0x0040D6C9+186057]
	Ordinal0 [0x0040CA3D+182845]
	Ordinal0 [0x0040A94B+174411]
	Ordinal0 [0x003F2528+75048]
	Ordinal0 [0x003F35A0+79264]
	Ordinal0 [0x003F3539+79161]
	Ordinal0 [0x0058D607+1758727]
	GetHandleVerifier [0x00796546+1050150]
	GetHandleVerifier [0x00796291+1049457]
	GetHandleVerifier [0x007A10D7+1094071]
	GetHandleVerifier [0x00796B46+1051686]
	Ordinal0 [0x00585B06+1727238]
	Ordinal0 [0x0058EB7B+1764219]
	Ordinal0 [0x0058ECE3+1764579]
	Ordinal0 [0x005A4C05+1854469]
	BaseThreadInitThunk [0x77663677+18]
	RtlInitializeExceptionChain [0x77DD9D72+99]
	RtlInitializeExceptionChain [0x77DD9D45+54]

	at sun.reflect.NativeConstructorAccessorImpl.newInstance0(Native Method)
	at sun.reflect.NativeConstructorAccessorImpl.newInstance(Unknown Source)
	at sun.reflect.DelegatingConstructorAccessorImpl.newInstance(Unknown Source)
	at java.lang.reflect.Constructor.newInstance(Unknown Source)
	at org.openqa.selenium.remote.W3CHandshakeResponse.lambda$new$0(W3CHandshakeResponse.java:57)
	at org.openqa.selenium.remote.W3CHandshakeResponse.lambda$getResponseFunction$2(W3CHandshakeResponse.java:104)
	at org.openqa.selenium.remote.ProtocolHandshake.lambda$createSession$0(ProtocolHandshake.java:123)
	at java.util.stream.ReferencePipeline$3$1.accept(Unknown Source)
	at java.util.Spliterators$ArraySpliterator.tryAdvance(Unknown Source)
	at java.util.stream.ReferencePipeline.forEachWithCancel(Unknown Source)
	at java.util.stream.AbstractPipeline.copyIntoWithCancel(Unknown Source)
	at java.util.stream.AbstractPipeline.copyInto(Unknown Source)
	at java.util.stream.AbstractPipeline.wrapAndCopyInto(Unknown Source)
	at java.util.stream.FindOps$FindOp.evaluateSequential(Unknown Source)
	at java.util.stream.AbstractPipeline.evaluate(Unknown Source)
	at java.util.stream.ReferencePipeline.findFirst(Unknown Source)
	at org.openqa.selenium.remote.ProtocolHandshake.createSession(ProtocolHandshake.java:126)
	at org.openqa.selenium.remote.ProtocolHandshake.createSession(ProtocolHandshake.java:73)
	at org.openqa.selenium.remote.HttpCommandExecutor.execute(HttpCommandExecutor.java:138)
	at org.openqa.selenium.remote.service.DriverCommandExecutor.execute(DriverCommandExecutor.java:83)
	at org.openqa.selenium.remote.RemoteWebDriver.execute(RemoteWebDriver.java:601)
	at org.openqa.selenium.remote.RemoteWebDriver.startSession(RemoteWebDriver.java:219)
	at org.openqa.selenium.remote.RemoteWebDriver.&lt;init&gt;(RemoteWebDriver.java:142)
	at org.openqa.selenium.chrome.ChromeDriver.&lt;init&gt;(ChromeDriver.java:181)
	at org.openqa.selenium.chrome.ChromeDriver.&lt;init&gt;(ChromeDriver.java:168)
	at org.openqa.selenium.chrome.ChromeDriver.&lt;init&gt;(ChromeDriver.java:123)
	at ci.integ.selenium.jenkins_demo.testGoogleSearch(jenkins_demo.java:15)
	at sun.reflect.NativeMethodAccessorImpl.invoke0(Native Method)
	at sun.reflect.NativeMethodAccessorImpl.invoke(Unknown Source)
	at sun.reflect.DelegatingMethodAccessorImpl.invoke(Unknown Source)
	at java.lang.reflect.Method.invoke(Unknown Source)
	at org.testng.internal.MethodInvocationHelper.invokeMethod(MethodInvocationHelper.java:108)
	at org.testng.internal.Invoker.invokeMethod(Invoker.java:661)
	at org.testng.internal.Invoker.invokeTestMethod(Invoker.java:869)
	at org.testng.internal.Invoker.invokeTestMethods(Invoker.java:1193)
	at org.testng.internal.TestMethodWorker.invokeTestMethods(TestMethodWorker.java:126)
	at org.testng.internal.TestMethodWorker.run(TestMethodWorker.java:109)
	at org.testng.TestRunner.privateRun(TestRunner.java:744)
	at org.testng.TestRunner.run(TestRunner.java:602)
	at org.testng.SuiteRunner.runTest(SuiteRunner.java:380)
	at org.testng.SuiteRunner.runSequentially(SuiteRunner.java:375)
	at org.testng.SuiteRunner.privateRun(SuiteRunner.java:340)
	at org.testng.SuiteRunner.run(SuiteRunner.java:289)
	at org.testng.SuiteRunnerWorker.runSuite(SuiteRunnerWorker.java:52)
	at org.testng.SuiteRunnerWorker.run(SuiteRunnerWorker.java:86)
	at org.testng.TestNG.runSuitesSequentially(TestNG.java:1301)
	at org.testng.TestNG.runSuitesLocally(TestNG.java:1226)
	at org.testng.TestNG.runSuites(TestNG.java:1144)
	at org.testng.TestNG.run(TestNG.java:1115)
	at org.testng.remote.AbstractRemoteTestNG.run(AbstractRemoteTestNG.java:132)
	at org.testng.remote.RemoteTestNG.initAndRun(RemoteTestNG.java:230)
	at org.testng.remote.RemoteTestNG.main(RemoteTestNG.java:76)
</pre></div><a href='#' onClick='toggleBox("stack-trace2119891622", this, "Click to show all stack frames", "Click to hide stack frames")'>Click to show all stack frames</a>
<div class='stack-trace' id='stack-trace2119891622'><pre>org.openqa.selenium.SessionNotCreatedException: session not created
from disconnected: received Inspector.detached event
  (Session info: chrome=83.0.4103.116)
Build info: version: &apos;3.9.1&apos;, revision: &apos;63f7b50&apos;, time: &apos;2018-02-07T22:42:28.403Z&apos;
System info: host: &apos;ADMIN-PC&apos;, ip: &apos;192.168.0.7&apos;, os.name: &apos;Windows 7&apos;, os.arch: &apos;amd64&apos;, os.version: &apos;6.1&apos;, java.version: &apos;1.8.0_131&apos;
Driver info: driver.version: ChromeDriver
remote stacktrace: Backtrace:
	Ordinal0 [0x00679563+2725219]
	Ordinal0 [0x00578551+1672529]
	Ordinal0 [0x00460359+525145]
	Ordinal0 [0x00458579+492921]
	Ordinal0 [0x0045818C+491916]
	Ordinal0 [0x00457AB8+490168]
	Ordinal0 [0x00456EFE+487166]
	Ordinal0 [0x00457135+487733]
	Ordinal0 [0x00456B75+486261]
	Ordinal0 [0x0045F055+520277]
	Ordinal0 [0x00456B32+486194]
	Ordinal0 [0x00457739+489273]
	Ordinal0 [0x00456EFE+487166]
	Ordinal0 [0x00457135+487733]
	Ordinal0 [0x00456B75+486261]
	Ordinal0 [0x0045D83E+514110]
	Ordinal0 [0x00456B32+486194]
	Ordinal0 [0x00457739+489273]
	Ordinal0 [0x00456EFE+487166]
	Ordinal0 [0x00457135+487733]
	Ordinal0 [0x00456B75+486261]
	Ordinal0 [0x0045BBF6+506870]
	Ordinal0 [0x00456B32+486194]
	Ordinal0 [0x00457739+489273]
	Ordinal0 [0x00456EFE+487166]
	Ordinal0 [0x00457135+487733]
	Ordinal0 [0x00456B75+486261]
	Ordinal0 [0x0045B1B7+504247]
	Ordinal0 [0x00456B32+486194]
	Ordinal0 [0x00457739+489273]
	Ordinal0 [0x00456EFE+487166]
	Ordinal0 [0x00457135+487733]
	Ordinal0 [0x00456B75+486261]
	Ordinal0 [0x0045337C+471932]
	Ordinal0 [0x00456B32+486194]
	Ordinal0 [0x00456A87+486023]
	Ordinal0 [0x00460FF0+528368]
	Ordinal0 [0x0040D6C9+186057]
	Ordinal0 [0x0040CA3D+182845]
	Ordinal0 [0x0040A94B+174411]
	Ordinal0 [0x003F2528+75048]
	Ordinal0 [0x003F35A0+79264]
	Ordinal0 [0x003F3539+79161]
	Ordinal0 [0x0058D607+1758727]
	GetHandleVerifier [0x00796546+1050150]
	GetHandleVerifier [0x00796291+1049457]
	GetHandleVerifier [0x007A10D7+1094071]
	GetHandleVerifier [0x00796B46+1051686]
	Ordinal0 [0x00585B06+1727238]
	Ordinal0 [0x0058EB7B+1764219]
	Ordinal0 [0x0058ECE3+1764579]
	Ordinal0 [0x005A4C05+1854469]
	BaseThreadInitThunk [0x77663677+18]
	RtlInitializeExceptionChain [0x77DD9D72+99]
	RtlInitializeExceptionChain [0x77DD9D45+54]

	at sun.reflect.NativeConstructorAccessorImpl.newInstance0(Native Method)
	at sun.reflect.NativeConstructorAccessorImpl.newInstance(Unknown Source)
	at sun.reflect.DelegatingConstructorAccessorImpl.newInstance(Unknown Source)
	at java.lang.reflect.Constructor.newInstance(Unknown Source)
	at org.openqa.selenium.remote.W3CHandshakeResponse.lambda$new$0(W3CHandshakeResponse.java:57)
	at org.openqa.selenium.remote.W3CHandshakeResponse.lambda$getResponseFunction$2(W3CHandshakeResponse.java:104)
	at org.openqa.selenium.remote.ProtocolHandshake.lambda$createSession$0(ProtocolHandshake.java:123)
	at java.util.stream.ReferencePipeline$3$1.accept(Unknown Source)
	at java.util.Spliterators$ArraySpliterator.tryAdvance(Unknown Source)
	at java.util.stream.ReferencePipeline.forEachWithCancel(Unknown Source)
	at java.util.stream.AbstractPipeline.copyIntoWithCancel(Unknown Source)
	at java.util.stream.AbstractPipeline.copyInto(Unknown Source)
	at java.util.stream.AbstractPipeline.wrapAndCopyInto(Unknown Source)
	at java.util.stream.FindOps$FindOp.evaluateSequential(Unknown Source)
	at java.util.stream.AbstractPipeline.evaluate(Unknown Source)
	at java.util.stream.ReferencePipeline.findFirst(Unknown Source)
	at org.openqa.selenium.remote.ProtocolHandshake.createSession(ProtocolHandshake.java:126)
	at org.openqa.selenium.remote.ProtocolHandshake.createSession(ProtocolHandshake.java:73)
	at org.openqa.selenium.remote.HttpCommandExecutor.execute(HttpCommandExecutor.java:138)
	at org.openqa.selenium.remote.service.DriverCommandExecutor.execute(DriverCommandExecutor.java:83)
	at org.openqa.selenium.remote.RemoteWebDriver.execute(RemoteWebDriver.java:601)
	at org.openqa.selenium.remote.RemoteWebDriver.startSession(RemoteWebDriver.java:219)
	at org.openqa.selenium.remote.RemoteWebDriver.&lt;init&gt;(RemoteWebDriver.java:142)
	at org.openqa.selenium.chrome.ChromeDriver.&lt;init&gt;(ChromeDriver.java:181)
	at org.openqa.selenium.chrome.ChromeDriver.&lt;init&gt;(ChromeDriver.java:168)
	at org.openqa.selenium.chrome.ChromeDriver.&lt;init&gt;(ChromeDriver.java:123)
	at ci.integ.selenium.jenkins_demo.testGoogleSearch(jenkins_demo.java:15)
	at sun.reflect.NativeMethodAccessorImpl.invoke0(Native Method)
	at sun.reflect.NativeMethodAccessorImpl.invoke(Unknown Source)
	at sun.reflect.DelegatingMethodAccessorImpl.invoke(Unknown Source)
	at java.lang.reflect.Method.invoke(Unknown Source)
	at org.testng.internal.MethodInvocationHelper.invokeMethod(MethodInvocationHelper.java:108)
	at org.testng.internal.Invoker.invokeMethod(Invoker.java:661)
	at org.testng.internal.Invoker.invokeTestMethod(Invoker.java:869)
	at org.testng.internal.Invoker.invokeTestMethods(Invoker.java:1193)
	at org.testng.internal.TestMethodWorker.invokeTestMethods(TestMethodWorker.java:126)
	at org.testng.internal.TestMethodWorker.run(TestMethodWorker.java:109)
	at org.testng.TestRunner.privateRun(TestRunner.java:744)
	at org.testng.TestRunner.run(TestRunner.java:602)
	at org.testng.SuiteRunner.runTest(SuiteRunner.java:380)
	at org.testng.SuiteRunner.runSequentially(SuiteRunner.java:375)
	at org.testng.SuiteRunner.privateRun(SuiteRunner.java:340)
	at org.testng.SuiteRunner.run(SuiteRunner.java:289)
	at org.testng.SuiteRunnerWorker.runSuite(SuiteRunnerWorker.java:52)
	at org.testng.SuiteRunnerWorker.run(SuiteRunnerWorker.java:86)
	at org.testng.TestNG.runSuitesSequentially(TestNG.java:1301)
	at org.testng.TestNG.runSuitesLocally(TestNG.java:1226)
	at org.testng.TestNG.runSuites(TestNG.java:1144)
	at org.testng.TestNG.run(TestNG.java:1115)
	at org.testng.remote.AbstractRemoteTestNG.run(AbstractRemoteTestNG.java:132)
	at org.testng.remote.RemoteTestNG.initAndRun(RemoteTestNG.java:230)
	at org.testng.remote.RemoteTestNG.main(RemoteTestNG.java:76)
</pre></div></td>
<td>48</td>
<td>ci.integ.selenium.jenkins_demo@7c0e2abd</td></tr>
</table><p>
</body>
</html>